<?xml version="1.0" encoding="UTF-8"?>
<testng-results skipped="0" failed="0" ignored="0" total="1" passed="1">
  <reporter-output>
  </reporter-output>
  <suite name="Suite" duration-ms="10227" started-at="2020-01-09T17:07:14Z" finished-at="2020-01-09T17:07:24Z">
    <groups>
    </groups>
    <test name="Test" duration-ms="10227" started-at="2020-01-09T17:07:14Z" finished-at="2020-01-09T17:07:24Z">
      <class name="testcases.TC_001">
        <test-method status="PASS" signature="OpenBrowser()[pri:0, instance:testcases.TC_001@6a5fc7f7]" name="OpenBrowser" is-config="true" duration-ms="5990" started-at="2020-01-09T12:07:14Z" finished-at="2020-01-09T12:07:20Z">
          <reporter-output>
          </reporter-output>
        </test-method> <!-- OpenBrowser -->
        <test-method status="PASS" signature="Test_1()[pri:0, instance:testcases.TC_001@6a5fc7f7]" name="Test_1" duration-ms="3385" started-at="2020-01-09T12:07:20Z" finished-at="2020-01-09T12:07:23Z">
          <reporter-output>
          </reporter-output>
        </test-method> <!-- Test_1 -->
        <test-method status="PASS" signature="CloseBrowser()[pri:0, instance:testcases.TC_001@6a5fc7f7]" name="CloseBrowser" is-config="true" duration-ms="820" started-at="2020-01-09T12:07:23Z" finished-at="2020-01-09T12:07:24Z">
          <reporter-output>
          </reporter-output>
        </test-method> <!-- CloseBrowser -->
      </class> <!-- testcases.TC_001 -->
    </test> <!-- Test -->
  </suite> <!-- Suite -->
</testng-results>
