<?xml version="1.0" encoding="UTF-8"?>
<testng-results skipped="0" failed="0" ignored="0" total="1" passed="1">
  <reporter-output>
  </reporter-output>
  <suite name="Suite" duration-ms="9776" started-at="2020-01-09T17:05:26Z" finished-at="2020-01-09T17:05:36Z">
    <groups>
    </groups>
    <test name="Test" duration-ms="9776" started-at="2020-01-09T17:05:26Z" finished-at="2020-01-09T17:05:36Z">
      <class name="testcases.TC_001">
        <test-method status="PASS" signature="OpenBrowser()[pri:0, instance:testcases.TC_001@2a2d45ba]" name="OpenBrowser" is-config="true" duration-ms="6086" started-at="2020-01-09T12:05:26Z" finished-at="2020-01-09T12:05:32Z">
          <reporter-output>
          </reporter-output>
        </test-method> <!-- OpenBrowser -->
        <test-method status="PASS" signature="Test_1()[pri:0, instance:testcases.TC_001@2a2d45ba]" name="Test_1" duration-ms="2876" started-at="2020-01-09T12:05:32Z" finished-at="2020-01-09T12:05:35Z">
          <reporter-output>
          </reporter-output>
        </test-method> <!-- Test_1 -->
        <test-method status="PASS" signature="CloseBrowser()[pri:0, instance:testcases.TC_001@2a2d45ba]" name="CloseBrowser" is-config="true" duration-ms="782" started-at="2020-01-09T12:05:35Z" finished-at="2020-01-09T12:05:36Z">
          <reporter-output>
          </reporter-output>
        </test-method> <!-- CloseBrowser -->
      </class> <!-- testcases.TC_001 -->
    </test> <!-- Test -->
  </suite> <!-- Suite -->
</testng-results>
